mode: atomic
github.com/Dentrax/GMDB/services/rottentomatoes/parser.go:22.23,23.16 1 0
github.com/Dentrax/GMDB/services/rottentomatoes/parser.go:23.16,25.3 1 0
github.com/Dentrax/GMDB/services/rottentomatoes/parser.go:28.36,33.2 4 13
github.com/Dentrax/GMDB/services/rottentomatoes/parser.go:35.70,45.16 6 0
github.com/Dentrax/GMDB/services/rottentomatoes/parser.go:49.2,51.39 2 0
github.com/Dentrax/GMDB/services/rottentomatoes/parser.go:60.2,62.15 2 0
github.com/Dentrax/GMDB/services/rottentomatoes/parser.go:45.16,47.3 1 0
github.com/Dentrax/GMDB/services/rottentomatoes/parser.go:51.39,58.3 5 0
github.com/Dentrax/GMDB/services/rottentomatoes/parser.go:65.62,83.96 12 1
github.com/Dentrax/GMDB/services/rottentomatoes/parser.go:93.2,93.23 1 1
github.com/Dentrax/GMDB/services/rottentomatoes/parser.go:101.2,114.193 9 1
github.com/Dentrax/GMDB/services/rottentomatoes/parser.go:125.2,125.193 1 1
github.com/Dentrax/GMDB/services/rottentomatoes/parser.go:136.2,136.193 1 1
github.com/Dentrax/GMDB/services/rottentomatoes/parser.go:147.2,149.18 2 1
github.com/Dentrax/GMDB/services/rottentomatoes/parser.go:83.96,84.13 1 0
github.com/Dentrax/GMDB/services/rottentomatoes/parser.go:84.13,86.4 1 0
github.com/Dentrax/GMDB/services/rottentomatoes/parser.go:86.9,86.20 1 0
github.com/Dentrax/GMDB/services/rottentomatoes/parser.go:86.21,88.4 0 0
github.com/Dentrax/GMDB/services/rottentomatoes/parser.go:88.9,88.20 1 0
github.com/Dentrax/GMDB/services/rottentomatoes/parser.go:88.21,90.4 0 0
github.com/Dentrax/GMDB/services/rottentomatoes/parser.go:93.23,95.3 1 0
github.com/Dentrax/GMDB/services/rottentomatoes/parser.go:95.8,95.29 1 1
github.com/Dentrax/GMDB/services/rottentomatoes/parser.go:95.29,97.3 1 0
github.com/Dentrax/GMDB/services/rottentomatoes/parser.go:97.8,99.3 1 1
github.com/Dentrax/GMDB/services/rottentomatoes/parser.go:114.193,115.54 1 1
github.com/Dentrax/GMDB/services/rottentomatoes/parser.go:122.3,122.6 1 1
github.com/Dentrax/GMDB/services/rottentomatoes/parser.go:115.54,117.59 2 3
github.com/Dentrax/GMDB/services/rottentomatoes/parser.go:117.59,120.5 2 3
github.com/Dentrax/GMDB/services/rottentomatoes/parser.go:125.193,126.54 1 1
github.com/Dentrax/GMDB/services/rottentomatoes/parser.go:133.3,133.6 1 1
github.com/Dentrax/GMDB/services/rottentomatoes/parser.go:126.54,128.46 2 2
github.com/Dentrax/GMDB/services/rottentomatoes/parser.go:128.46,131.5 2 2
github.com/Dentrax/GMDB/services/rottentomatoes/parser.go:136.193,137.54 1 1
github.com/Dentrax/GMDB/services/rottentomatoes/parser.go:144.3,144.6 1 1
github.com/Dentrax/GMDB/services/rottentomatoes/parser.go:137.54,139.46 2 1
github.com/Dentrax/GMDB/services/rottentomatoes/parser.go:139.46,142.5 2 1
github.com/Dentrax/GMDB/services/rottentomatoes/parser.go:152.54,154.27 2 0
github.com/Dentrax/GMDB/services/rottentomatoes/parser.go:164.2,164.11 1 0
github.com/Dentrax/GMDB/services/rottentomatoes/parser.go:154.27,156.77 2 0
github.com/Dentrax/GMDB/services/rottentomatoes/parser.go:156.77,160.4 3 0
github.com/Dentrax/GMDB/services/rottentomatoes/parser.go:161.8,163.3 1 0
github.com/Dentrax/GMDB/services/rottentomatoes/rottentomatoes.go:24.69,29.2 1 0
github.com/Dentrax/GMDB/services/rottentomatoes/rottentomatoes.go:31.92,38.16 3 0
github.com/Dentrax/GMDB/services/rottentomatoes/rottentomatoes.go:42.2,42.11 1 0
github.com/Dentrax/GMDB/services/rottentomatoes/rottentomatoes.go:38.16,40.3 1 0
github.com/Dentrax/GMDB/services/rottentomatoes/rottentomatoes.go:45.60,56.16 4 0
github.com/Dentrax/GMDB/services/rottentomatoes/rottentomatoes.go:61.2,63.19 2 0
github.com/Dentrax/GMDB/services/rottentomatoes/rottentomatoes.go:56.16,59.3 2 0
github.com/Dentrax/GMDB/services/rottentomatoes/rottentomatoes.go:66.77,69.2 2 0
github.com/Dentrax/GMDB/services/rottentomatoes/rottentomatoes.go:71.69,74.2 2 0
github.com/Dentrax/GMDB/services/rottentomatoes/rottentomatoes.go:76.61,79.2 2 0
github.com/Dentrax/GMDB/services/torrent/torrent1337x/parser.go:21.36,27.2 5 2783
github.com/Dentrax/GMDB/services/torrent/torrent1337x/parser.go:29.37,32.2 2 20
github.com/Dentrax/GMDB/services/torrent/torrent1337x/parser.go:34.79,39.27 4 23
github.com/Dentrax/GMDB/services/torrent/torrent1337x/parser.go:98.2,101.15 3 23
github.com/Dentrax/GMDB/services/torrent/torrent1337x/parser.go:39.27,40.57 1 23
github.com/Dentrax/GMDB/services/torrent/torrent1337x/parser.go:40.57,60.29 16 483
github.com/Dentrax/GMDB/services/torrent/torrent1337x/parser.go:70.4,70.33 1 483
github.com/Dentrax/GMDB/services/torrent/torrent1337x/parser.go:80.4,80.10 1 483
github.com/Dentrax/GMDB/services/torrent/torrent1337x/parser.go:60.29,62.5 1 230
github.com/Dentrax/GMDB/services/torrent/torrent1337x/parser.go:62.10,62.36 1 253
github.com/Dentrax/GMDB/services/torrent/torrent1337x/parser.go:62.36,64.5 1 46
github.com/Dentrax/GMDB/services/torrent/torrent1337x/parser.go:64.10,64.36 1 207
github.com/Dentrax/GMDB/services/torrent/torrent1337x/parser.go:64.36,66.5 1 184
github.com/Dentrax/GMDB/services/torrent/torrent1337x/parser.go:66.10,68.5 1 23
github.com/Dentrax/GMDB/services/torrent/torrent1337x/parser.go:70.33,72.5 1 230
github.com/Dentrax/GMDB/services/torrent/torrent1337x/parser.go:72.10,72.40 1 253
github.com/Dentrax/GMDB/services/torrent/torrent1337x/parser.go:72.40,74.5 1 46
github.com/Dentrax/GMDB/services/torrent/torrent1337x/parser.go:74.10,74.40 1 207
github.com/Dentrax/GMDB/services/torrent/torrent1337x/parser.go:74.40,76.5 1 184
github.com/Dentrax/GMDB/services/torrent/torrent1337x/parser.go:76.10,78.5 1 23
github.com/Dentrax/GMDB/services/torrent/torrent1337x/parser.go:80.10,94.5 4 460
github.com/Dentrax/GMDB/services/torrent/torrent1337x/parser.go:104.63,106.27 2 1
github.com/Dentrax/GMDB/services/torrent/torrent1337x/parser.go:113.2,113.43 1 0
github.com/Dentrax/GMDB/services/torrent/torrent1337x/parser.go:106.27,108.12 2 1
github.com/Dentrax/GMDB/services/torrent/torrent1337x/parser.go:108.12,111.4 2 1
github.com/Dentrax/GMDB/services/imdb/imdb.go:25.59,30.2 1 0
github.com/Dentrax/GMDB/services/imdb/imdb.go:32.82,35.58 2 0
github.com/Dentrax/GMDB/services/imdb/imdb.go:43.2,45.16 3 0
github.com/Dentrax/GMDB/services/imdb/imdb.go:48.2,48.15 1 0
github.com/Dentrax/GMDB/services/imdb/imdb.go:35.58,37.17 2 0
github.com/Dentrax/GMDB/services/imdb/imdb.go:40.3,40.16 1 0
github.com/Dentrax/GMDB/services/imdb/imdb.go:37.17,39.4 1 0
github.com/Dentrax/GMDB/services/imdb/imdb.go:45.16,47.3 1 0
github.com/Dentrax/GMDB/services/imdb/imdb.go:51.63,52.55 1 0
github.com/Dentrax/GMDB/services/imdb/imdb.go:60.2,71.16 7 0
github.com/Dentrax/GMDB/services/imdb/imdb.go:75.2,77.15 2 0
github.com/Dentrax/GMDB/services/imdb/imdb.go:93.2,93.19 1 0
github.com/Dentrax/GMDB/services/imdb/imdb.go:52.55,54.17 2 0
github.com/Dentrax/GMDB/services/imdb/imdb.go:57.3,57.21 1 0
github.com/Dentrax/GMDB/services/imdb/imdb.go:54.17,56.4 1 0
github.com/Dentrax/GMDB/services/imdb/imdb.go:71.16,73.3 1 0
github.com/Dentrax/GMDB/services/imdb/imdb.go:77.15,83.17 5 0
github.com/Dentrax/GMDB/services/imdb/imdb.go:87.3,90.17 4 0
github.com/Dentrax/GMDB/services/imdb/imdb.go:83.17,85.4 1 0
github.com/Dentrax/GMDB/services/imdb/imdb.go:96.77,99.2 2 0
github.com/Dentrax/GMDB/services/imdb/imdb.go:101.69,104.2 2 0
github.com/Dentrax/GMDB/services/imdb/imdb.go:106.65,109.2 2 0
github.com/Dentrax/GMDB/services/imdb/imdb.go:111.75,114.2 2 0
github.com/Dentrax/GMDB/services/imdb/imdb.go:116.73,119.2 2 0
github.com/Dentrax/GMDB/services/imdb/imdb.go:121.75,124.2 2 0
github.com/Dentrax/GMDB/services/imdb/parser.go:21.70,28.27 5 0
github.com/Dentrax/GMDB/services/imdb/parser.go:45.2,47.15 2 0
github.com/Dentrax/GMDB/services/imdb/parser.go:28.27,29.85 1 0
github.com/Dentrax/GMDB/services/imdb/parser.go:29.85,33.10 4 0
github.com/Dentrax/GMDB/services/imdb/parser.go:33.10,41.5 2 0
github.com/Dentrax/GMDB/services/imdb/parser.go:50.62,53.107 2 16
github.com/Dentrax/GMDB/services/imdb/parser.go:90.2,90.81 1 16
github.com/Dentrax/GMDB/services/imdb/parser.go:106.2,106.26 1 16
github.com/Dentrax/GMDB/services/imdb/parser.go:116.2,116.97 1 16
github.com/Dentrax/GMDB/services/imdb/parser.go:128.2,128.111 1 16
github.com/Dentrax/GMDB/services/imdb/parser.go:138.2,140.118 2 16
github.com/Dentrax/GMDB/services/imdb/parser.go:162.2,164.18 2 16
github.com/Dentrax/GMDB/services/imdb/parser.go:53.107,63.60 7 16
github.com/Dentrax/GMDB/services/imdb/parser.go:71.3,87.27 12 16
github.com/Dentrax/GMDB/services/imdb/parser.go:63.60,65.43 2 80
github.com/Dentrax/GMDB/services/imdb/parser.go:65.43,67.5 1 48
github.com/Dentrax/GMDB/services/imdb/parser.go:90.81,97.18 5 4
github.com/Dentrax/GMDB/services/imdb/parser.go:97.18,103.4 4 4
github.com/Dentrax/GMDB/services/imdb/parser.go:106.26,111.19 4 4
github.com/Dentrax/GMDB/services/imdb/parser.go:111.19,113.4 1 4
github.com/Dentrax/GMDB/services/imdb/parser.go:116.97,122.9 4 16
github.com/Dentrax/GMDB/services/imdb/parser.go:122.9,125.4 2 16
github.com/Dentrax/GMDB/services/imdb/parser.go:128.111,130.55 1 16
github.com/Dentrax/GMDB/services/imdb/parser.go:130.55,131.38 1 16
github.com/Dentrax/GMDB/services/imdb/parser.go:131.38,133.5 1 16
github.com/Dentrax/GMDB/services/imdb/parser.go:140.118,143.54 2 44
github.com/Dentrax/GMDB/services/imdb/parser.go:143.54,145.41 2 104
github.com/Dentrax/GMDB/services/imdb/parser.go:145.41,149.59 2 88
github.com/Dentrax/GMDB/services/imdb/parser.go:149.59,151.6 1 4
github.com/Dentrax/GMDB/services/imdb/parser.go:151.11,151.67 1 84
github.com/Dentrax/GMDB/services/imdb/parser.go:151.67,153.6 1 12
github.com/Dentrax/GMDB/services/imdb/parser.go:153.11,153.63 1 72
github.com/Dentrax/GMDB/services/imdb/parser.go:153.63,155.6 1 48
github.com/Dentrax/GMDB/services/imdb/parser.go:155.11,155.65 1 24
github.com/Dentrax/GMDB/services/imdb/parser.go:155.65,157.6 1 24
github.com/Dentrax/GMDB/services/imdb/parser.go:167.36,173.2 5 2918
github.com/Dentrax/GMDB/services/imdb/parser.go:175.58,178.93 2 9
github.com/Dentrax/GMDB/services/imdb/parser.go:187.2,187.16 1 9
github.com/Dentrax/GMDB/services/imdb/parser.go:178.93,179.56 1 708
github.com/Dentrax/GMDB/services/imdb/parser.go:179.56,181.52 2 57
github.com/Dentrax/GMDB/services/imdb/parser.go:181.52,183.5 1 54
github.com/Dentrax/GMDB/services/imdb/parser.go:190.66,194.101 3 1
github.com/Dentrax/GMDB/services/imdb/parser.go:208.2,209.20 2 1
github.com/Dentrax/GMDB/services/imdb/parser.go:194.101,206.3 6 7
github.com/Dentrax/GMDB/services/imdb/parser.go:212.68,216.95 3 9
github.com/Dentrax/GMDB/services/imdb/parser.go:222.2,222.12 1 9
github.com/Dentrax/GMDB/services/imdb/parser.go:225.2,226.21 2 9
github.com/Dentrax/GMDB/services/imdb/parser.go:216.95,220.3 3 2061
github.com/Dentrax/GMDB/services/imdb/parser.go:222.12,224.3 1 6
github.com/Dentrax/GMDB/services/imdb/parser.go:229.68,244.114 7 9
github.com/Dentrax/GMDB/services/imdb/parser.go:290.2,293.12 2 9
github.com/Dentrax/GMDB/services/imdb/parser.go:302.2,302.14 1 9
github.com/Dentrax/GMDB/services/imdb/parser.go:244.114,245.36 1 813
github.com/Dentrax/GMDB/services/imdb/parser.go:266.3,266.45 1 813
github.com/Dentrax/GMDB/services/imdb/parser.go:245.36,249.14 3 75
github.com/Dentrax/GMDB/services/imdb/parser.go:252.4,252.14 1 75
github.com/Dentrax/GMDB/services/imdb/parser.go:255.4,255.14 1 75
github.com/Dentrax/GMDB/services/imdb/parser.go:258.4,258.14 1 75
github.com/Dentrax/GMDB/services/imdb/parser.go:261.4,261.14 1 75
github.com/Dentrax/GMDB/services/imdb/parser.go:264.4,264.7 1 75
github.com/Dentrax/GMDB/services/imdb/parser.go:249.14,251.5 1 9
github.com/Dentrax/GMDB/services/imdb/parser.go:252.14,254.5 1 9
github.com/Dentrax/GMDB/services/imdb/parser.go:255.14,257.5 1 9
github.com/Dentrax/GMDB/services/imdb/parser.go:258.14,260.5 1 6
github.com/Dentrax/GMDB/services/imdb/parser.go:261.14,263.5 1 6
github.com/Dentrax/GMDB/services/imdb/parser.go:266.45,271.18 3 180
github.com/Dentrax/GMDB/services/imdb/parser.go:277.4,281.28 3 180
github.com/Dentrax/GMDB/services/imdb/parser.go:271.18,273.5 1 0
github.com/Dentrax/GMDB/services/imdb/parser.go:281.28,284.5 2 45
github.com/Dentrax/GMDB/services/imdb/parser.go:284.10,286.5 1 135
github.com/Dentrax/GMDB/services/imdb/parser.go:293.12,296.3 2 3
github.com/Dentrax/GMDB/services/imdb/parser.go:305.41,306.43 1 39
github.com/Dentrax/GMDB/services/imdb/parser.go:309.2,309.13 1 30
github.com/Dentrax/GMDB/services/imdb/parser.go:306.43,308.3 1 9
github.com/Dentrax/GMDB/store/movie/movie.go:19.45,21.2 1 21
github.com/Dentrax/GMDB/store/movie/movie.go:27.81,28.78 1 9
github.com/Dentrax/GMDB/store/movie/movie.go:28.78,31.17 3 9
github.com/Dentrax/GMDB/store/movie/movie.go:34.3,35.17 2 9
github.com/Dentrax/GMDB/store/movie/movie.go:38.3,39.13 2 8
github.com/Dentrax/GMDB/store/movie/movie.go:31.17,33.4 1 0
github.com/Dentrax/GMDB/store/movie/movie.go:35.17,37.4 1 1
github.com/Dentrax/GMDB/store/movie/movie.go:43.100,44.78 1 1
github.com/Dentrax/GMDB/store/movie/movie.go:44.78,51.17 3 1
github.com/Dentrax/GMDB/store/movie/movie.go:54.3,55.17 2 1
github.com/Dentrax/GMDB/store/movie/movie.go:58.3,59.13 2 1
github.com/Dentrax/GMDB/store/movie/movie.go:51.17,53.4 1 0
github.com/Dentrax/GMDB/store/movie/movie.go:55.17,57.4 1 0
github.com/Dentrax/GMDB/store/movie/movie.go:63.111,64.78 1 4
github.com/Dentrax/GMDB/store/movie/movie.go:64.78,79.17 4 4
github.com/Dentrax/GMDB/store/movie/movie.go:82.3,83.17 2 4
github.com/Dentrax/GMDB/store/movie/movie.go:86.3,87.13 2 4
github.com/Dentrax/GMDB/store/movie/movie.go:79.17,81.4 1 0
github.com/Dentrax/GMDB/store/movie/movie.go:83.17,85.4 1 0
github.com/Dentrax/GMDB/store/movie/movie.go:91.95,92.78 1 4
github.com/Dentrax/GMDB/store/movie/movie.go:92.78,101.17 4 4
github.com/Dentrax/GMDB/store/movie/movie.go:104.3,105.17 2 4
github.com/Dentrax/GMDB/store/movie/movie.go:108.3,109.13 2 4
github.com/Dentrax/GMDB/store/movie/movie.go:101.17,103.4 1 0
github.com/Dentrax/GMDB/store/movie/movie.go:105.17,107.4 1 0
github.com/Dentrax/GMDB/store/movie/movie.go:113.97,114.78 1 4
github.com/Dentrax/GMDB/store/movie/movie.go:114.78,123.17 4 4
github.com/Dentrax/GMDB/store/movie/movie.go:126.3,127.17 2 4
github.com/Dentrax/GMDB/store/movie/movie.go:130.3,131.13 2 4
github.com/Dentrax/GMDB/store/movie/movie.go:123.17,125.4 1 0
github.com/Dentrax/GMDB/store/movie/movie.go:127.17,129.4 1 0
github.com/Dentrax/GMDB/store/movie/movie.go:135.82,137.80 2 1
github.com/Dentrax/GMDB/store/movie/movie.go:145.2,145.17 1 1
github.com/Dentrax/GMDB/store/movie/movie.go:137.80,139.17 2 1
github.com/Dentrax/GMDB/store/movie/movie.go:142.3,143.13 2 1
github.com/Dentrax/GMDB/store/movie/movie.go:139.17,141.4 1 0
github.com/Dentrax/GMDB/store/movie/movie.go:148.90,150.80 2 1
github.com/Dentrax/GMDB/store/movie/movie.go:158.2,158.17 1 1
github.com/Dentrax/GMDB/store/movie/movie.go:150.80,152.17 2 1
github.com/Dentrax/GMDB/store/movie/movie.go:155.3,156.13 2 1
github.com/Dentrax/GMDB/store/movie/movie.go:152.17,154.4 1 0
github.com/Dentrax/GMDB/store/movie/movie.go:161.93,163.80 2 1
github.com/Dentrax/GMDB/store/movie/movie.go:171.2,171.17 1 1
github.com/Dentrax/GMDB/store/movie/movie.go:163.80,165.17 2 1
github.com/Dentrax/GMDB/store/movie/movie.go:168.3,169.13 2 1
github.com/Dentrax/GMDB/store/movie/movie.go:165.17,167.4 1 0
github.com/Dentrax/GMDB/store/movie/movie.go:174.100,176.80 2 1
github.com/Dentrax/GMDB/store/movie/movie.go:184.2,184.17 1 1
github.com/Dentrax/GMDB/store/movie/movie.go:176.80,178.17 2 1
github.com/Dentrax/GMDB/store/movie/movie.go:181.3,182.13 2 1
github.com/Dentrax/GMDB/store/movie/movie.go:178.17,180.4 1 0
github.com/Dentrax/GMDB/store/movie/movie.go:187.95,189.80 2 1
github.com/Dentrax/GMDB/store/movie/movie.go:197.2,197.17 1 1
github.com/Dentrax/GMDB/store/movie/movie.go:189.80,191.17 2 1
github.com/Dentrax/GMDB/store/movie/movie.go:194.3,195.13 2 1
github.com/Dentrax/GMDB/store/movie/movie.go:191.17,193.4 1 0
github.com/Dentrax/GMDB/store/movie/movie.go:200.96,202.80 2 4
github.com/Dentrax/GMDB/store/movie/movie.go:211.2,211.17 1 4
github.com/Dentrax/GMDB/store/movie/movie.go:202.80,205.17 3 4
github.com/Dentrax/GMDB/store/movie/movie.go:208.3,209.27 2 4
github.com/Dentrax/GMDB/store/movie/movie.go:205.17,207.4 1 0
github.com/Dentrax/GMDB/store/movie/movie.go:214.89,216.80 2 1
github.com/Dentrax/GMDB/store/movie/movie.go:225.2,225.17 1 1
github.com/Dentrax/GMDB/store/movie/movie.go:216.80,219.17 3 1
github.com/Dentrax/GMDB/store/movie/movie.go:222.3,223.27 2 1
github.com/Dentrax/GMDB/store/movie/movie.go:219.17,221.4 1 0
github.com/Dentrax/GMDB/store/movie/movie.go:228.91,230.80 2 2
github.com/Dentrax/GMDB/store/movie/movie.go:239.2,239.17 1 2
github.com/Dentrax/GMDB/store/movie/movie.go:230.80,233.17 3 2
github.com/Dentrax/GMDB/store/movie/movie.go:236.3,237.29 2 2
github.com/Dentrax/GMDB/store/movie/movie.go:233.17,235.4 1 0
github.com/Dentrax/GMDB/store/movie/movie.go:242.97,244.80 2 2
github.com/Dentrax/GMDB/store/movie/movie.go:253.2,253.17 1 2
github.com/Dentrax/GMDB/store/movie/movie.go:244.80,247.17 3 2
github.com/Dentrax/GMDB/store/movie/movie.go:250.3,251.29 2 2
github.com/Dentrax/GMDB/store/movie/movie.go:247.17,249.4 1 0
github.com/Dentrax/GMDB/store/movie/movie.go:256.92,258.80 2 1
github.com/Dentrax/GMDB/store/movie/movie.go:267.2,267.17 1 1
github.com/Dentrax/GMDB/store/movie/movie.go:258.80,261.17 3 1
github.com/Dentrax/GMDB/store/movie/movie.go:264.3,265.29 2 1
github.com/Dentrax/GMDB/store/movie/movie.go:261.17,263.4 1 0
github.com/Dentrax/GMDB/store/movie/movie.go:271.81,272.78 1 2
github.com/Dentrax/GMDB/store/movie/movie.go:272.78,275.17 3 2
github.com/Dentrax/GMDB/store/movie/movie.go:278.3,279.13 2 2
github.com/Dentrax/GMDB/store/movie/movie.go:275.17,277.4 1 0
github.com/Dentrax/GMDB/store/movie/movie.go:284.111,285.78 1 1
github.com/Dentrax/GMDB/store/movie/movie.go:285.78,298.17 4 1
github.com/Dentrax/GMDB/store/movie/movie.go:301.3,302.13 2 1
github.com/Dentrax/GMDB/store/movie/movie.go:298.17,300.4 1 0
github.com/Dentrax/GMDB/store/movie/movie.go:307.97,308.78 1 1
github.com/Dentrax/GMDB/store/movie/movie.go:308.78,316.17 4 1
github.com/Dentrax/GMDB/store/movie/movie.go:319.3,320.13 2 1
github.com/Dentrax/GMDB/store/movie/movie.go:316.17,318.4 1 0
github.com/Dentrax/GMDB/store/movie/movie.go:325.95,326.78 1 2
github.com/Dentrax/GMDB/store/movie/movie.go:326.78,334.17 4 2
github.com/Dentrax/GMDB/store/movie/movie.go:337.3,338.13 2 2
github.com/Dentrax/GMDB/store/movie/movie.go:334.17,336.4 1 0
github.com/Dentrax/GMDB/store/movie/movie.go:343.81,344.78 1 1
github.com/Dentrax/GMDB/store/movie/movie.go:344.78,347.17 3 1
github.com/Dentrax/GMDB/store/movie/movie.go:350.3,351.13 2 1
github.com/Dentrax/GMDB/store/movie/movie.go:347.17,349.4 1 0
github.com/Dentrax/GMDB/store/movie/movie.go:356.64,358.80 2 3
github.com/Dentrax/GMDB/store/movie/movie.go:361.2,361.17 1 3
github.com/Dentrax/GMDB/store/movie/movie.go:358.80,360.3 1 3
github.com/Dentrax/GMDB/store/movie/movie.go:365.66,367.80 2 1
github.com/Dentrax/GMDB/store/movie/movie.go:370.2,370.17 1 1
github.com/Dentrax/GMDB/store/movie/movie.go:367.80,369.3 1 1
github.com/Dentrax/GMDB/store/movie/movie.go:374.66,376.80 2 1
github.com/Dentrax/GMDB/store/movie/movie.go:379.2,379.17 1 1
github.com/Dentrax/GMDB/store/movie/movie.go:376.80,378.3 1 1
github.com/Dentrax/GMDB/store/movie/movie.go:383.66,385.80 2 1
github.com/Dentrax/GMDB/store/movie/movie.go:388.2,388.17 1 1
github.com/Dentrax/GMDB/store/movie/movie.go:385.80,387.3 1 1
github.com/Dentrax/GMDB/store/movie/scan.go:21.59,44.2 1 17
github.com/Dentrax/GMDB/store/movie/scan.go:46.67,53.2 1 0
github.com/Dentrax/GMDB/store/movie/scan.go:55.65,69.2 1 2
github.com/Dentrax/GMDB/store/movie/scan.go:71.71,79.2 1 2
github.com/Dentrax/GMDB/store/movie/scan.go:81.66,89.2 1 1
github.com/Dentrax/GMDB/store/movie/scan.go:93.70,116.2 1 6
github.com/Dentrax/GMDB/store/movie/scan.go:119.78,126.2 1 1
github.com/Dentrax/GMDB/store/movie/scan.go:129.76,143.2 1 3
github.com/Dentrax/GMDB/store/movie/scan.go:146.82,154.2 1 3
github.com/Dentrax/GMDB/store/movie/scan.go:157.77,165.2 1 2
github.com/Dentrax/GMDB/store/movie/scan.go:169.60,173.18 3 1
github.com/Dentrax/GMDB/store/movie/scan.go:181.2,181.20 1 1
github.com/Dentrax/GMDB/store/movie/scan.go:173.18,176.17 3 1
github.com/Dentrax/GMDB/store/movie/scan.go:179.3,179.33 1 1
github.com/Dentrax/GMDB/store/movie/scan.go:176.17,178.4 1 0
github.com/Dentrax/GMDB/store/movie/scan.go:184.68,188.18 3 1
github.com/Dentrax/GMDB/store/movie/scan.go:196.2,196.20 1 1
github.com/Dentrax/GMDB/store/movie/scan.go:188.18,191.17 3 1
github.com/Dentrax/GMDB/store/movie/scan.go:194.3,194.33 1 1
github.com/Dentrax/GMDB/store/movie/scan.go:191.17,193.4 1 0
github.com/Dentrax/GMDB/store/movie/scan.go:199.72,203.18 3 1
github.com/Dentrax/GMDB/store/movie/scan.go:211.2,211.20 1 1
github.com/Dentrax/GMDB/store/movie/scan.go:203.18,206.17 3 1
github.com/Dentrax/GMDB/store/movie/scan.go:209.3,209.33 1 1
github.com/Dentrax/GMDB/store/movie/scan.go:206.17,208.4 1 0
github.com/Dentrax/GMDB/store/movie/scan.go:214.67,218.18 3 1
github.com/Dentrax/GMDB/store/movie/scan.go:226.2,226.20 1 1
github.com/Dentrax/GMDB/store/movie/scan.go:218.18,221.17 3 1
github.com/Dentrax/GMDB/store/movie/scan.go:224.3,224.33 1 1
github.com/Dentrax/GMDB/store/movie/scan.go:221.17,223.4 1 0
github.com/Dentrax/GMDB/store/movie/scan.go:229.66,233.18 3 1
github.com/Dentrax/GMDB/store/movie/scan.go:241.2,241.20 1 1
github.com/Dentrax/GMDB/store/movie/scan.go:233.18,236.17 3 1
github.com/Dentrax/GMDB/store/movie/scan.go:239.3,239.33 1 1
github.com/Dentrax/GMDB/store/movie/scan.go:236.17,238.4 1 0
